<?xml version="1.0" encoding="UTF-8"?>
<!-- Generated by org.testng.reporters.JUnitXMLReporter -->
<testsuite hostname="INBLRWIT238540" ignored="0" name="Test" tests="4" failures="0" timestamp="10 Mar 2020 03:59:38 GMT" time="124.366" errors="0">
  <testcase name="@AfterClass closeBrowser" time="0.42" classname="com.edureka.project.genericLib.BaseClass">
    <failure type="java.lang.NullPointerException">
      <![CDATA[java.lang.NullPointerException
at com.edureka.project.genericLib.BaseClass.closeBrowser(BaseClass.java:72)
... Removed 26 stack frames]]>
    </failure>
  </testcase> <!-- @AfterClass closeBrowser -->
  <testcase name="@AfterClass closeBrowser" time="0.678" classname="com.edureka.project.genericLib.BaseClass">
    <failure type="java.lang.NullPointerException">
      <![CDATA[java.lang.NullPointerException
at com.edureka.project.genericLib.BaseClass.closeBrowser(BaseClass.java:72)
... Removed 26 stack frames]]>
    </failure>
  </testcase> <!-- @AfterClass closeBrowser -->
  <testcase name="@AfterClass closeBrowser" time="0.804" classname="com.edureka.project.genericLib.BaseClass">
    <failure type="java.lang.NullPointerException">
      <![CDATA[java.lang.NullPointerException
at com.edureka.project.genericLib.BaseClass.closeBrowser(BaseClass.java:72)
... Removed 26 stack frames]]>
    </failure>
  </testcase> <!-- @AfterClass closeBrowser -->
  <testcase name="@AfterClass closeBrowser" time="0.354" classname="com.edureka.project.genericLib.BaseClass">
    <failure type="java.lang.NullPointerException">
      <![CDATA[java.lang.NullPointerException
at com.edureka.project.genericLib.BaseClass.closeBrowser(BaseClass.java:72)
... Removed 26 stack frames]]>
    </failure>
  </testcase> <!-- @AfterClass closeBrowser -->
  <testcase name="BookReturnTicketTest" time="16.633" classname="com.edureka.project.BookTicket.BookReturnCruiseTicket"/>
  <testcase name="BookReturnTicketTest" time="14.472" classname="com.edureka.project.BookTicket.BookReturnFlightTicketTest"/>
  <testcase name="validcredentialTest" time="0.033" classname="com.edureeka.project.Credentials.ValidateCredentialsTest"/>
  <testcase name="registerUser" time="13.16" classname="com.edureeka.project.Credentials.RegisterCredentials"/>
</testsuite> <!-- Test -->
