<?xml version="1.0" encoding="UTF-8"?>
<testng-results skipped="0" failed="2" ignored="0" total="4" passed="2">
  <reporter-output>
  </reporter-output>
  <suite name="Suite" duration-ms="106422" started-at="2019-11-03T16:49:57Z" finished-at="2019-11-03T16:51:43Z">
    <groups>
    </groups>
    <test name="Test" duration-ms="106422" started-at="2019-11-03T16:49:57Z" finished-at="2019-11-03T16:51:43Z">
      <class name="com.edureeka.project.Credentials.RegisterCredentials">
        <test-method status="PASS" signature="launchSelectBrowser()[pri:0, instance:com.edureeka.project.Credentials.RegisterCredentials@4883b407]" name="launchSelectBrowser" is-config="true" duration-ms="3724" started-at="2019-11-03T16:51:18Z" finished-at="2019-11-03T16:51:21Z">
          <reporter-output>
          </reporter-output>
        </test-method> <!-- launchSelectBrowser -->
        <test-method status="PASS" signature="loginTo()[pri:0, instance:com.edureeka.project.Credentials.RegisterCredentials@4883b407]" name="loginTo" is-config="true" duration-ms="10070" started-at="2019-11-03T16:51:21Z" finished-at="2019-11-03T16:51:31Z">
          <reporter-output>
          </reporter-output>
        </test-method> <!-- loginTo -->
        <test-method status="PASS" signature="registerUser()[pri:0, instance:com.edureeka.project.Credentials.RegisterCredentials@4883b407]" name="registerUser" duration-ms="11363" started-at="2019-11-03T16:51:31Z" finished-at="2019-11-03T16:51:43Z">
          <reporter-output>
          </reporter-output>
        </test-method> <!-- registerUser -->
        <test-method status="PASS" signature="logout()[pri:0, instance:com.edureeka.project.Credentials.RegisterCredentials@4883b407]" name="logout" is-config="true" duration-ms="0" started-at="2019-11-03T16:51:43Z" finished-at="2019-11-03T16:51:43Z">
          <reporter-output>
          </reporter-output>
        </test-method> <!-- logout -->
        <test-method status="PASS" signature="closeBrowser()[pri:0, instance:com.edureeka.project.Credentials.RegisterCredentials@4883b407]" name="closeBrowser" is-config="true" duration-ms="275" started-at="2019-11-03T16:51:43Z" finished-at="2019-11-03T16:51:43Z">
          <reporter-output>
          </reporter-output>
        </test-method> <!-- closeBrowser -->
      </class> <!-- com.edureeka.project.Credentials.RegisterCredentials -->
      <class name="com.edureka.project.BookTicket.BookReturnCruiseTicket">
        <test-method status="PASS" signature="launchSelectBrowser()[pri:0, instance:com.edureka.project.BookTicket.BookReturnCruiseTicket@6d4b1c02]" name="launchSelectBrowser" is-config="true" duration-ms="5684" started-at="2019-11-03T16:49:57Z" finished-at="2019-11-03T16:50:02Z">
          <reporter-output>
          </reporter-output>
        </test-method> <!-- launchSelectBrowser -->
        <test-method status="PASS" signature="loginTo()[pri:0, instance:com.edureka.project.BookTicket.BookReturnCruiseTicket@6d4b1c02]" name="loginTo" is-config="true" duration-ms="9351" started-at="2019-11-03T16:50:02Z" finished-at="2019-11-03T16:50:12Z">
          <reporter-output>
          </reporter-output>
        </test-method> <!-- loginTo -->
        <test-method status="FAIL" signature="BookReturnTicketTest()[pri:0, instance:com.edureka.project.BookTicket.BookReturnCruiseTicket@6d4b1c02]" name="BookReturnTicketTest" duration-ms="25326" started-at="2019-11-03T16:50:12Z" finished-at="2019-11-03T16:50:37Z">
          <exception class="org.openqa.selenium.NoSuchElementException">
            <message>
              <![CDATA[no such element: Unable to locate element: {"method":"xpath","selector":"//img[@alt ='Reservations Open']"}
  (Session info: chrome=78.0.3904.70)
For documentation on this error, please visit: https://www.seleniumhq.org/exceptions/no_such_element.html
Build info: version: '3.141.59', revision: 'e82be7d358', time: '2018-11-14T08:17:03'
System info: host: 'INBLRWIT238540', ip: '10.222.250.185', os.name: 'Windows 10', os.arch: 'amd64', os.version: '10.0', java.version: '1.8.0_181'
Driver info: org.openqa.selenium.chrome.ChromeDriver
Capabilities {acceptInsecureCerts: false, browserName: chrome, browserVersion: 78.0.3904.70, chrome: {chromedriverVersion: 77.0.3865.40 (f484704e052e0..., userDataDir: C:\Users\a238540\AppData\Lo...}, goog:chromeOptions: {debuggerAddress: localhost:49308}, javascriptEnabled: true, networkConnectionEnabled: false, pageLoadStrategy: normal, platform: XP, platformName: XP, proxy: Proxy(), setWindowRect: true, strictFileInteractability: false, timeouts: {implicit: 0, pageLoad: 300000, script: 30000}, unhandledPromptBehavior: dismiss and notify}
Session ID: 790b40e275c1f1aebcf01fa85ed53dae
*** Element info: {Using=xpath, value=//img[@alt ='Reservations Open']}]]>
            </message>
            <full-stacktrace>
              <![CDATA[org.openqa.selenium.NoSuchElementException: no such element: Unable to locate element: {"method":"xpath","selector":"//img[@alt ='Reservations Open']"}
  (Session info: chrome=78.0.3904.70)
For documentation on this error, please visit: https://www.seleniumhq.org/exceptions/no_such_element.html
Build info: version: '3.141.59', revision: 'e82be7d358', time: '2018-11-14T08:17:03'
System info: host: 'INBLRWIT238540', ip: '10.222.250.185', os.name: 'Windows 10', os.arch: 'amd64', os.version: '10.0', java.version: '1.8.0_181'
Driver info: org.openqa.selenium.chrome.ChromeDriver
Capabilities {acceptInsecureCerts: false, browserName: chrome, browserVersion: 78.0.3904.70, chrome: {chromedriverVersion: 77.0.3865.40 (f484704e052e0..., userDataDir: C:\Users\a238540\AppData\Lo...}, goog:chromeOptions: {debuggerAddress: localhost:49308}, javascriptEnabled: true, networkConnectionEnabled: false, pageLoadStrategy: normal, platform: XP, platformName: XP, proxy: Proxy(), setWindowRect: true, strictFileInteractability: false, timeouts: {implicit: 0, pageLoad: 300000, script: 30000}, unhandledPromptBehavior: dismiss and notify}
Session ID: 790b40e275c1f1aebcf01fa85ed53dae
*** Element info: {Using=xpath, value=//img[@alt ='Reservations Open']}
at sun.reflect.NativeConstructorAccessorImpl.newInstance0(Native Method)
at sun.reflect.NativeConstructorAccessorImpl.newInstance(NativeConstructorAccessorImpl.java:62)
at sun.reflect.DelegatingConstructorAccessorImpl.newInstance(DelegatingConstructorAccessorImpl.java:45)
at java.lang.reflect.Constructor.newInstance(Constructor.java:423)
at org.openqa.selenium.remote.http.W3CHttpResponseCodec.createException(W3CHttpResponseCodec.java:187)
at org.openqa.selenium.remote.http.W3CHttpResponseCodec.decode(W3CHttpResponseCodec.java:122)
at org.openqa.selenium.remote.http.W3CHttpResponseCodec.decode(W3CHttpResponseCodec.java:49)
at org.openqa.selenium.remote.HttpCommandExecutor.execute(HttpCommandExecutor.java:158)
at org.openqa.selenium.remote.service.DriverCommandExecutor.execute(DriverCommandExecutor.java:83)
at org.openqa.selenium.remote.RemoteWebDriver.execute(RemoteWebDriver.java:552)
at org.openqa.selenium.remote.RemoteWebDriver.findElement(RemoteWebDriver.java:323)
at org.openqa.selenium.remote.RemoteWebDriver.findElementByXPath(RemoteWebDriver.java:428)
at org.openqa.selenium.By$ByXPath.findElement(By.java:353)
at org.openqa.selenium.remote.RemoteWebDriver.findElement(RemoteWebDriver.java:315)
at org.openqa.selenium.support.pagefactory.DefaultElementLocator.findElement(DefaultElementLocator.java:69)
at org.openqa.selenium.support.pagefactory.internal.LocatingElementHandler.invoke(LocatingElementHandler.java:38)
at com.sun.proxy.$Proxy10.click(Unknown Source)
at com.edureka.project.BookTicket.BookReturnCruiseTicket.BookReturnTicketTest(BookReturnCruiseTicket.java:31)
at sun.reflect.NativeMethodAccessorImpl.invoke0(Native Method)
at sun.reflect.NativeMethodAccessorImpl.invoke(NativeMethodAccessorImpl.java:62)
at sun.reflect.DelegatingMethodAccessorImpl.invoke(DelegatingMethodAccessorImpl.java:43)
at java.lang.reflect.Method.invoke(Method.java:498)
at org.testng.internal.MethodInvocationHelper.invokeMethod(MethodInvocationHelper.java:124)
at org.testng.internal.Invoker.invokeMethod(Invoker.java:583)
at org.testng.internal.Invoker.invokeTestMethod(Invoker.java:719)
at org.testng.internal.Invoker.invokeTestMethods(Invoker.java:989)
at org.testng.internal.TestMethodWorker.invokeTestMethods(TestMethodWorker.java:125)
at org.testng.internal.TestMethodWorker.run(TestMethodWorker.java:109)
at org.testng.TestRunner.privateRun(TestRunner.java:648)
at org.testng.TestRunner.run(TestRunner.java:505)
at org.testng.SuiteRunner.runTest(SuiteRunner.java:455)
at org.testng.SuiteRunner.runSequentially(SuiteRunner.java:450)
at org.testng.SuiteRunner.privateRun(SuiteRunner.java:415)
at org.testng.SuiteRunner.run(SuiteRunner.java:364)
at org.testng.SuiteRunnerWorker.runSuite(SuiteRunnerWorker.java:52)
at org.testng.SuiteRunnerWorker.run(SuiteRunnerWorker.java:84)
at org.testng.TestNG.runSuitesSequentially(TestNG.java:1208)
at org.testng.TestNG.runSuitesLocally(TestNG.java:1137)
at org.testng.TestNG.runSuites(TestNG.java:1049)
at org.testng.TestNG.run(TestNG.java:1017)
at org.apache.maven.surefire.testng.TestNGExecutor.run(TestNGExecutor.java:283)
at org.apache.maven.surefire.testng.TestNGXmlTestSuite.execute(TestNGXmlTestSuite.java:75)
at org.apache.maven.surefire.testng.TestNGProvider.invoke(TestNGProvider.java:120)
at org.apache.maven.surefire.booter.ForkedBooter.invokeProviderInSameClassLoader(ForkedBooter.java:384)
at org.apache.maven.surefire.booter.ForkedBooter.runSuitesInProcess(ForkedBooter.java:345)
at org.apache.maven.surefire.booter.ForkedBooter.execute(ForkedBooter.java:126)
at org.apache.maven.surefire.booter.ForkedBooter.main(ForkedBooter.java:418)
]]>
            </full-stacktrace>
          </exception> <!-- org.openqa.selenium.NoSuchElementException -->
          <reporter-output>
          </reporter-output>
        </test-method> <!-- BookReturnTicketTest -->
        <test-method status="PASS" signature="closeBrowser()[pri:0, instance:com.edureka.project.BookTicket.BookReturnCruiseTicket@6d4b1c02]" name="closeBrowser" is-config="true" duration-ms="448" started-at="2019-11-03T16:50:38Z" finished-at="2019-11-03T16:50:39Z">
          <reporter-output>
          </reporter-output>
        </test-method> <!-- closeBrowser -->
        <test-method status="PASS" signature="logout()[pri:0, instance:com.edureka.project.BookTicket.BookReturnCruiseTicket@6d4b1c02]" name="logout" is-config="true" duration-ms="0" started-at="2019-11-03T16:50:38Z" finished-at="2019-11-03T16:50:38Z">
          <reporter-output>
          </reporter-output>
        </test-method> <!-- logout -->
      </class> <!-- com.edureka.project.BookTicket.BookReturnCruiseTicket -->
      <class name="com.edureeka.project.Credentials.ValidateCredentialsTest">
        <test-method status="PASS" signature="launchSelectBrowser()[pri:0, instance:com.edureeka.project.Credentials.ValidateCredentialsTest@6093dd95]" name="launchSelectBrowser" is-config="true" duration-ms="5173" started-at="2019-11-03T16:50:39Z" finished-at="2019-11-03T16:50:44Z">
          <reporter-output>
          </reporter-output>
        </test-method> <!-- launchSelectBrowser -->
        <test-method status="PASS" signature="loginTo()[pri:0, instance:com.edureeka.project.Credentials.ValidateCredentialsTest@6093dd95]" name="loginTo" is-config="true" duration-ms="9670" started-at="2019-11-03T16:50:44Z" finished-at="2019-11-03T16:50:53Z">
          <reporter-output>
          </reporter-output>
        </test-method> <!-- loginTo -->
        <test-method status="PASS" signature="validcredentialTest()[pri:0, instance:com.edureeka.project.Credentials.ValidateCredentialsTest@6093dd95]" name="validcredentialTest" duration-ms="35" started-at="2019-11-03T16:50:53Z" finished-at="2019-11-03T16:50:53Z">
          <reporter-output>
          </reporter-output>
        </test-method> <!-- validcredentialTest -->
        <test-method status="PASS" signature="logout()[pri:0, instance:com.edureeka.project.Credentials.ValidateCredentialsTest@6093dd95]" name="logout" is-config="true" duration-ms="0" started-at="2019-11-03T16:50:53Z" finished-at="2019-11-03T16:50:53Z">
          <reporter-output>
          </reporter-output>
        </test-method> <!-- logout -->
        <test-method status="PASS" signature="closeBrowser()[pri:0, instance:com.edureeka.project.Credentials.ValidateCredentialsTest@6093dd95]" name="closeBrowser" is-config="true" duration-ms="2324" started-at="2019-11-03T16:50:53Z" finished-at="2019-11-03T16:50:56Z">
          <reporter-output>
          </reporter-output>
        </test-method> <!-- closeBrowser -->
      </class> <!-- com.edureeka.project.Credentials.ValidateCredentialsTest -->
      <class name="com.edureka.project.BookTicket.BookReturnFlightTicketTest">
        <test-method status="PASS" signature="launchSelectBrowser()[pri:0, instance:com.edureka.project.BookTicket.BookReturnFlightTicketTest@5622fdf]" name="launchSelectBrowser" is-config="true" duration-ms="4987" started-at="2019-11-03T16:50:56Z" finished-at="2019-11-03T16:51:01Z">
          <reporter-output>
          </reporter-output>
        </test-method> <!-- launchSelectBrowser -->
        <test-method status="PASS" signature="loginTo()[pri:0, instance:com.edureka.project.BookTicket.BookReturnFlightTicketTest@5622fdf]" name="loginTo" is-config="true" duration-ms="8319" started-at="2019-11-03T16:51:01Z" finished-at="2019-11-03T16:51:09Z">
          <reporter-output>
          </reporter-output>
        </test-method> <!-- loginTo -->
        <test-method status="FAIL" signature="BookReturnTicketTest()[pri:0, instance:com.edureka.project.BookTicket.BookReturnFlightTicketTest@5622fdf]" name="BookReturnTicketTest" duration-ms="7873" started-at="2019-11-03T16:51:09Z" finished-at="2019-11-03T16:51:17Z">
          <exception class="java.lang.AssertionError">
            <message>
              <![CDATA[expected [Book a Flight: Mercury Tours] but found [Network Error]]]>
            </message>
            <full-stacktrace>
              <![CDATA[java.lang.AssertionError: expected [Book a Flight: Mercury Tours] but found [Network Error]
at org.testng.Assert.fail(Assert.java:96)
at org.testng.Assert.failNotEquals(Assert.java:776)
at org.testng.Assert.assertEqualsImpl(Assert.java:137)
at org.testng.Assert.assertEquals(Assert.java:118)
at org.testng.Assert.assertEquals(Assert.java:453)
at org.testng.Assert.assertEquals(Assert.java:463)
at com.edureka.project.BookTicket.BookReturnFlightTicketTest.BookReturnTicketTest(BookReturnFlightTicketTest.java:69)
at sun.reflect.NativeMethodAccessorImpl.invoke0(Native Method)
at sun.reflect.NativeMethodAccessorImpl.invoke(NativeMethodAccessorImpl.java:62)
at sun.reflect.DelegatingMethodAccessorImpl.invoke(DelegatingMethodAccessorImpl.java:43)
at java.lang.reflect.Method.invoke(Method.java:498)
at org.testng.internal.MethodInvocationHelper.invokeMethod(MethodInvocationHelper.java:124)
at org.testng.internal.Invoker.invokeMethod(Invoker.java:583)
at org.testng.internal.Invoker.invokeTestMethod(Invoker.java:719)
at org.testng.internal.Invoker.invokeTestMethods(Invoker.java:989)
at org.testng.internal.TestMethodWorker.invokeTestMethods(TestMethodWorker.java:125)
at org.testng.internal.TestMethodWorker.run(TestMethodWorker.java:109)
at org.testng.TestRunner.privateRun(TestRunner.java:648)
at org.testng.TestRunner.run(TestRunner.java:505)
at org.testng.SuiteRunner.runTest(SuiteRunner.java:455)
at org.testng.SuiteRunner.runSequentially(SuiteRunner.java:450)
at org.testng.SuiteRunner.privateRun(SuiteRunner.java:415)
at org.testng.SuiteRunner.run(SuiteRunner.java:364)
at org.testng.SuiteRunnerWorker.runSuite(SuiteRunnerWorker.java:52)
at org.testng.SuiteRunnerWorker.run(SuiteRunnerWorker.java:84)
at org.testng.TestNG.runSuitesSequentially(TestNG.java:1208)
at org.testng.TestNG.runSuitesLocally(TestNG.java:1137)
at org.testng.TestNG.runSuites(TestNG.java:1049)
at org.testng.TestNG.run(TestNG.java:1017)
at org.apache.maven.surefire.testng.TestNGExecutor.run(TestNGExecutor.java:283)
at org.apache.maven.surefire.testng.TestNGXmlTestSuite.execute(TestNGXmlTestSuite.java:75)
at org.apache.maven.surefire.testng.TestNGProvider.invoke(TestNGProvider.java:120)
at org.apache.maven.surefire.booter.ForkedBooter.invokeProviderInSameClassLoader(ForkedBooter.java:384)
at org.apache.maven.surefire.booter.ForkedBooter.runSuitesInProcess(ForkedBooter.java:345)
at org.apache.maven.surefire.booter.ForkedBooter.execute(ForkedBooter.java:126)
at org.apache.maven.surefire.booter.ForkedBooter.main(ForkedBooter.java:418)
]]>
            </full-stacktrace>
          </exception> <!-- java.lang.AssertionError -->
          <reporter-output>
          </reporter-output>
        </test-method> <!-- BookReturnTicketTest -->
        <test-method status="PASS" signature="logout()[pri:0, instance:com.edureka.project.BookTicket.BookReturnFlightTicketTest@5622fdf]" name="logout" is-config="true" duration-ms="0" started-at="2019-11-03T16:51:17Z" finished-at="2019-11-03T16:51:17Z">
          <reporter-output>
          </reporter-output>
        </test-method> <!-- logout -->
        <test-method status="PASS" signature="closeBrowser()[pri:0, instance:com.edureka.project.BookTicket.BookReturnFlightTicketTest@5622fdf]" name="closeBrowser" is-config="true" duration-ms="363" started-at="2019-11-03T16:51:17Z" finished-at="2019-11-03T16:51:18Z">
          <reporter-output>
          </reporter-output>
        </test-method> <!-- closeBrowser -->
      </class> <!-- com.edureka.project.BookTicket.BookReturnFlightTicketTest -->
    </test> <!-- Test -->
  </suite> <!-- Suite -->
</testng-results>
